C:\Program Files (x86)\Microsoft Visual Studio\2019\Community\MSBuild\Microsoft\VC\v160\Microsoft.CppBuild.targets(1016,5): warning MSB8027: два или более файлов с именем main.cpp выводят результаты в одно и то же расположение. Это может стать причиной неверного результата сборки.  Включенные файлы — main.cpp, src\main.cpp.
  main.cpp
C:\Win_Version\BeatCovid\main.cpp(1,10): fatal error C1083: Не удается открыть файл включение: Interface.h: No such file or directory,
  Animation.cpp
C:\Win_Version\BeatCovid\src\Animation\Animation.cpp(1,10): fatal error C1083: Не удается открыть файл включение: Animation.h: No such file or directory,
  AnimationManager.cpp
C:\Win_Version\BeatCovid\src\Animation\AnimationManager.cpp(1,10): fatal error C1083: Не удается открыть файл включение: AnimationManager.h: No such file or directory,
  Antibodies.cpp
C:\Win_Version\BeatCovid\src\Entities\Antibodies.cpp(1,10): fatal error C1083: Не удается открыть файл включение: Antibodies.h: No such file or directory,
  Armor.cpp
C:\Win_Version\BeatCovid\src\Entities\Armors\Armor.cpp(1,10): fatal error C1083: Не удается открыть файл включение: Armor.h: No such file or directory,
  Cap.cpp
C:\Win_Version\BeatCovid\src\Entities\Armors\Cap.cpp(1,10): fatal error C1083: Не удается открыть файл включение: Cap.h: No such file or directory,
  Robe.cpp
C:\Win_Version\BeatCovid\src\Entities\Armors\Robe.cpp(1,10): fatal error C1083: Не удается открыть файл включение: Robe.h: No such file or directory,
  Shoes.cpp
C:\Win_Version\BeatCovid\src\Entities\Armors\Shoes.cpp(1,10): fatal error C1083: Не удается открыть файл включение: Shoes.h: No such file or directory,
  Bullet.cpp
C:\Win_Version\BeatCovid\src\Entities\Bullet.cpp(1,10): fatal error C1083: Не удается открыть файл включение: Bullet.h: No such file or directory,
  Breaker.cpp
C:\Win_Version\BeatCovid\src\Entities\Enemies\Breaker.cpp(1,10): fatal error C1083: Не удается открыть файл включение: Breaker.h: No such file or directory,
  Delivery.cpp
C:\Win_Version\BeatCovid\src\Entities\Enemies\Delivery.cpp(1,10): fatal error C1083: Не удается открыть файл включение: Delivery.h: No such file or directory,
  Enemy.cpp
C:\Win_Version\BeatCovid\src\Entities\Enemies\Enemy.cpp(1,10): fatal error C1083: Не удается открыть файл включение: Enemy.h: No such file or directory,
  Police.cpp
C:\Win_Version\BeatCovid\src\Entities\Enemies\Police.cpp(1,10): fatal error C1083: Не удается открыть файл включение: Police.h: No such file or directory,
  Virus.cpp
C:\Win_Version\BeatCovid\src\Entities\Enemies\Virus.cpp(1,10): fatal error C1083: Не удается открыть файл включение: Virus.h: No such file or directory,
  Entity.cpp
C:\Win_Version\BeatCovid\src\Entities\Entity.cpp(1,10): fatal error C1083: Не удается открыть файл включение: Entity.h: No such file or directory,
  Player.cpp
C:\Win_Version\BeatCovid\src\Entities\Player.cpp(1,10): fatal error C1083: Не удается открыть файл включение: Player.h: No such file or directory,
  Sick.cpp
C:\Win_Version\BeatCovid\src\Entities\Sick.cpp(1,10): fatal error C1083: Не удается открыть файл включение: Sick.h: No such file or directory,
  SafeTransport.cpp
C:\Win_Version\BeatCovid\src\Entities\Transports\SafeTransport.cpp(1,10): fatal error C1083: Не удается открыть файл включение: SafeTransport.h: No such file or directory,
  Transport.cpp
C:\Win_Version\BeatCovid\src\Entities\Transports\Transport.cpp(1,10): fatal error C1083: Не удается открыть файл включение: Transport.h: No such file or directory,
  UnSafeTransport.cpp
C:\Win_Version\BeatCovid\src\Entities\Transports\UnSafeTransport.cpp(1,10): fatal error C1083: Не удается открыть файл включение: UnSafeTransport.h: No such file or directory,
  Создание кода...
  Компиляция...
  GameLabel.cpp
C:\Win_Version\BeatCovid\src\Game\GameLabel.cpp(1,10): fatal error C1083: Не удается открыть файл включение: GameLabel.h: No such file or directory,
  GameLabelManager.cpp
C:\Win_Version\BeatCovid\src\Game\GameLabelManager.cpp(1,10): fatal error C1083: Не удается открыть файл включение: GameLabelManager.h: No such file or directory,
  GameManager.cpp
C:\Win_Version\BeatCovid\src\Game\GameManager.cpp(1,10): fatal error C1083: Не удается открыть файл включение: GameManager.h: No such file or directory,
  GameTreatPatientProgressBar.cpp
C:\Win_Version\BeatCovid\src\Game\GameTreatPatientProgressBar.cpp(1,10): fatal error C1083: Не удается открыть файл включение: GameTreatPatientProgressBar.h: No such file or directory,
  Interface.cpp
C:\Win_Version\BeatCovid\src\Interface\Interface.cpp(1,10): fatal error C1083: Не удается открыть файл включение: Interface.h: No such file or directory,
  InterfaceButton.cpp
C:\Win_Version\BeatCovid\src\Interface\InterfaceButton.cpp(1,10): fatal error C1083: Не удается открыть файл включение: InterfaceButton.h: No such file or directory,
  InterfaceImage.cpp
C:\Win_Version\BeatCovid\src\Interface\InterfaceImage.cpp(1,10): fatal error C1083: Не удается открыть файл включение: InterfaceImage.h: No such file or directory,
  InterfaceLabel.cpp
C:\Win_Version\BeatCovid\src\Interface\InterfaceLabel.cpp(1,10): fatal error C1083: Не удается открыть файл включение: InterfaceLabel.h: No such file or directory,
  InterfaceTable.cpp
C:\Win_Version\BeatCovid\src\Interface\InterfaceTable.cpp(1,10): fatal error C1083: Не удается открыть файл включение: InterfaceTable.h: No such file or directory,
  Level_map.cpp
C:\Win_Version\BeatCovid\src\Level_map.cpp(1,10): fatal error C1083: Не удается открыть файл включение: Level_map.h: No such file or directory,
  main.cpp
C:\Win_Version\BeatCovid\src\main.cpp(1,10): fatal error C1083: Не удается открыть файл включение: Interface.h: No such file or directory,
  MusicManager.cpp
C:\Win_Version\BeatCovid\src\MusicManager.cpp(1,10): fatal error C1083: Не удается открыть файл включение: MusicManager.h: No such file or directory,
  ResourcePath.cpp
C:\Win_Version\BeatCovid\src\ResourcePath.cpp(2,10): fatal error C1083: Не удается открыть файл включение: ResourcePath.hpp: No such file or directory,
  SaveGame.cpp
C:\Win_Version\BeatCovid\src\SaveGame.cpp(1,10): fatal error C1083: Не удается открыть файл включение: SaveGame.h: No such file or directory,
  tinystr.cpp
C:\Win_Version\BeatCovid\src\Tinyxml\tinystr.cpp(27,10): fatal error C1083: Не удается открыть файл включение: tinystr.h: No such file or directory,
  tinyxml.cpp
C:\Win_Version\BeatCovid\src\Tinyxml\tinyxml.cpp(32,10): fatal error C1083: Не удается открыть файл включение: tinyxml.h: No such file or directory,
  tinyxmlerror.cpp
C:\Win_Version\BeatCovid\src\Tinyxml\tinyxmlerror.cpp(25,10): fatal error C1083: Не удается открыть файл включение: tinyxml.h: No such file or directory,
  tinyxmlparser.cpp
C:\Win_Version\BeatCovid\src\Tinyxml\tinyxmlparser.cpp(28,10): fatal error C1083: Не удается открыть файл включение: tinyxml.h: No such file or directory,
  Создание кода...
