C:\Program Files (x86)\Microsoft Visual Studio\2019\Community\MSBuild\Microsoft\VC\v160\Microsoft.CppBuild.targets(1016,5): warning MSB8027: два или более файлов с именем main.cpp выводят результаты в одно и то же расположение. Это может стать причиной неверного результата сборки.  Включенные файлы — main.cpp, src\main.cpp.
  main.cpp
  Animation.cpp
C:\Win_Version\BeatCovid\src\Animation\Animation.cpp(6,23): warning C4244: аргумент: преобразование "int" в "float", возможна потеря данных
C:\Win_Version\BeatCovid\src\Animation\Animation.cpp(26,9): warning C4244: инициализация: преобразование "float" в "int", возможна потеря данных
  AnimationManager.cpp
C:\Win_Version\BeatCovid\src\Animation\AnimationManager.cpp(17,46): warning C4244: аргумент: преобразование "int" в "float", возможна потеря данных
C:\Win_Version\BeatCovid\src\Animation\AnimationManager.cpp(17,43): warning C4244: аргумент: преобразование "int" в "float", возможна потеря данных
C:\Win_Version\BeatCovid\src\Animation\AnimationManager.cpp(38,47): warning C4244: return: преобразование "float" в "int", возможна потеря данных
  Antibodies.cpp
C:\Win_Version\BeatCovid\src\Entities\Antibodies.cpp(17,17): warning C4305: аргумент: усечение из "double" в "float"
  Armor.cpp
  Cap.cpp
C:\Win_Version\BeatCovid\src\Entities\Armors\Cap.cpp(46,51): warning C4305: аргумент: усечение из "double" в "float"
C:\Win_Version\BeatCovid\src\Entities\Armors\Cap.cpp(47,50): warning C4305: аргумент: усечение из "double" в "float"
C:\Win_Version\BeatCovid\src\Entities\Armors\Cap.cpp(48,51): warning C4305: аргумент: усечение из "double" в "float"
C:\Win_Version\BeatCovid\src\Entities\Armors\Cap.cpp(50,54): warning C4305: аргумент: усечение из "double" в "float"
C:\Win_Version\BeatCovid\src\Entities\Armors\Cap.cpp(51,50): warning C4305: аргумент: усечение из "double" в "float"
C:\Win_Version\BeatCovid\src\Entities\Armors\Cap.cpp(52,51): warning C4305: аргумент: усечение из "double" в "float"
C:\Win_Version\BeatCovid\src\Entities\Armors\Cap.cpp(53,50): warning C4305: аргумент: усечение из "double" в "float"
C:\Win_Version\BeatCovid\src\Entities\Armors\Cap.cpp(54,52): warning C4305: аргумент: усечение из "double" в "float"
C:\Win_Version\BeatCovid\src\Entities\Armors\Cap.cpp(55,51): warning C4305: аргумент: усечение из "double" в "float"
  Robe.cpp
C:\Win_Version\BeatCovid\src\Entities\Armors\Robe.cpp(46,51): warning C4305: аргумент: усечение из "double" в "float"
C:\Win_Version\BeatCovid\src\Entities\Armors\Robe.cpp(47,50): warning C4305: аргумент: усечение из "double" в "float"
C:\Win_Version\BeatCovid\src\Entities\Armors\Robe.cpp(48,51): warning C4305: аргумент: усечение из "double" в "float"
C:\Win_Version\BeatCovid\src\Entities\Armors\Robe.cpp(50,54): warning C4305: аргумент: усечение из "double" в "float"
C:\Win_Version\BeatCovid\src\Entities\Armors\Robe.cpp(51,50): warning C4305: аргумент: усечение из "double" в "float"
C:\Win_Version\BeatCovid\src\Entities\Armors\Robe.cpp(52,51): warning C4305: аргумент: усечение из "double" в "float"
C:\Win_Version\BeatCovid\src\Entities\Armors\Robe.cpp(53,50): warning C4305: аргумент: усечение из "double" в "float"
C:\Win_Version\BeatCovid\src\Entities\Armors\Robe.cpp(54,52): warning C4305: аргумент: усечение из "double" в "float"
C:\Win_Version\BeatCovid\src\Entities\Armors\Robe.cpp(55,51): warning C4305: аргумент: усечение из "double" в "float"
  Shoes.cpp
C:\Win_Version\BeatCovid\src\Entities\Armors\Shoes.cpp(46,51): warning C4305: аргумент: усечение из "double" в "float"
C:\Win_Version\BeatCovid\src\Entities\Armors\Shoes.cpp(47,50): warning C4305: аргумент: усечение из "double" в "float"
C:\Win_Version\BeatCovid\src\Entities\Armors\Shoes.cpp(48,51): warning C4305: аргумент: усечение из "double" в "float"
C:\Win_Version\BeatCovid\src\Entities\Armors\Shoes.cpp(50,54): warning C4305: аргумент: усечение из "double" в "float"
C:\Win_Version\BeatCovid\src\Entities\Armors\Shoes.cpp(51,50): warning C4305: аргумент: усечение из "double" в "float"
C:\Win_Version\BeatCovid\src\Entities\Armors\Shoes.cpp(52,51): warning C4305: аргумент: усечение из "double" в "float"
C:\Win_Version\BeatCovid\src\Entities\Armors\Shoes.cpp(53,50): warning C4305: аргумент: усечение из "double" в "float"
C:\Win_Version\BeatCovid\src\Entities\Armors\Shoes.cpp(54,52): warning C4305: аргумент: усечение из "double" в "float"
C:\Win_Version\BeatCovid\src\Entities\Armors\Shoes.cpp(55,51): warning C4305: аргумент: усечение из "double" в "float"
  Bullet.cpp
C:\Win_Version\BeatCovid\src\Entities\Bullet.cpp(13,55): warning C4305: аргумент: усечение из "double" в "float"
C:\Win_Version\BeatCovid\src\Entities\Bullet.cpp(16,54): warning C4305: аргумент: усечение из "double" в "float"
  Breaker.cpp
C:\Win_Version\BeatCovid\src\Entities\Enemies\Breaker.cpp(7,49): warning C4305: аргумент: усечение из "double" в "float"
C:\Win_Version\BeatCovid\src\Entities\Enemies\Breaker.cpp(8,51): warning C4305: аргумент: усечение из "double" в "float"
C:\Win_Version\BeatCovid\src\Entities\Enemies\Breaker.cpp(9,51): warning C4305: аргумент: усечение из "double" в "float"
  Delivery.cpp
C:\Win_Version\BeatCovid\src\Entities\Enemies\Delivery.cpp(7,49): warning C4305: аргумент: усечение из "double" в "float"
C:\Win_Version\BeatCovid\src\Entities\Enemies\Delivery.cpp(8,50): warning C4305: аргумент: усечение из "double" в "float"
C:\Win_Version\BeatCovid\src\Entities\Enemies\Delivery.cpp(9,51): warning C4305: аргумент: усечение из "double" в "float"
  Enemy.cpp
C:\Win_Version\BeatCovid\src\Entities\Enemies\Enemy.cpp(10,15): warning C4244: инициализация: преобразование "int" в "float", возможна потеря данных
  Police.cpp
C:\Win_Version\BeatCovid\src\Entities\Enemies\Police.cpp(12,49): warning C4305: аргумент: усечение из "double" в "float"
C:\Win_Version\BeatCovid\src\Entities\Enemies\Police.cpp(13,51): warning C4305: аргумент: усечение из "double" в "float"
C:\Win_Version\BeatCovid\src\Entities\Enemies\Police.cpp(14,51): warning C4305: аргумент: усечение из "double" в "float"
  Virus.cpp
C:\Win_Version\BeatCovid\src\Entities\Enemies\Virus.cpp(7,49): warning C4305: аргумент: усечение из "double" в "float"
C:\Win_Version\BeatCovid\src\Entities\Enemies\Virus.cpp(8,50): warning C4305: аргумент: усечение из "double" в "float"
C:\Win_Version\BeatCovid\src\Entities\Enemies\Virus.cpp(9,51): warning C4305: аргумент: усечение из "double" в "float"
  Entity.cpp
C:\Win_Version\BeatCovid\src\Entities\Entity.cpp(7,25): warning C4244: аргумент: преобразование "int" в "T", возможна потеря данных
          with
          [
              T=float
          ]
C:\Win_Version\BeatCovid\src\Entities\Entity.cpp(7,18): warning C4244: аргумент: преобразование "int" в "T", возможна потеря данных
          with
          [
              T=float
          ]
C:\Win_Version\BeatCovid\src\Entities\Entity.cpp(21,41): warning C4244: аргумент: преобразование "T" в "int", возможна потеря данных
          with
          [
              T=float
          ]
C:\Win_Version\BeatCovid\src\Entities\Entity.cpp(21,25): warning C4244: аргумент: преобразование "T" в "int", возможна потеря данных
          with
          [
              T=float
          ]
  Player.cpp
C:\Win_Version\BeatCovid\src\Entities\Player.cpp(32,51): warning C4305: аргумент: усечение из "double" в "float"
C:\Win_Version\BeatCovid\src\Entities\Player.cpp(33,50): warning C4305: аргумент: усечение из "double" в "float"
C:\Win_Version\BeatCovid\src\Entities\Player.cpp(34,51): warning C4305: аргумент: усечение из "double" в "float"
C:\Win_Version\BeatCovid\src\Entities\Player.cpp(36,54): warning C4305: аргумент: усечение из "double" в "float"
C:\Win_Version\BeatCovid\src\Entities\Player.cpp(37,50): warning C4305: аргумент: усечение из "double" в "float"
C:\Win_Version\BeatCovid\src\Entities\Player.cpp(38,51): warning C4305: аргумент: усечение из "double" в "float"
C:\Win_Version\BeatCovid\src\Entities\Player.cpp(39,50): warning C4305: аргумент: усечение из "double" в "float"
C:\Win_Version\BeatCovid\src\Entities\Player.cpp(40,51): warning C4305: аргумент: усечение из "double" в "float"
C:\Win_Version\BeatCovid\src\Entities\Player.cpp(41,52): warning C4305: аргумент: усечение из "double" в "float"
C:\Win_Version\BeatCovid\src\Entities\Player.cpp(58,22): warning C4305: =: усечение из "double" в "float"
C:\Win_Version\BeatCovid\src\Entities\Player.cpp(64,26): warning C4305: =: усечение из "double" в "float"
C:\Win_Version\BeatCovid\src\Entities\Player.cpp(73,21): warning C4305: =: усечение из "double" в "float"
C:\Win_Version\BeatCovid\src\Entities\Player.cpp(79,25): warning C4305: =: усечение из "double" в "float"
C:\Win_Version\BeatCovid\src\Entities\Player.cpp(86,22): warning C4305: =: усечение из "double" в "float"
C:\Win_Version\BeatCovid\src\Entities\Player.cpp(105,21): warning C4305: =: усечение из "double" в "float"
C:\Win_Version\BeatCovid\src\Entities\Player.cpp(174,19): warning C4305: =: усечение из "double" в "float"
C:\Win_Version\BeatCovid\src\Entities\Player.cpp(178,33): warning C4244: +=: преобразование "double" в "float", возможна потеря данных
C:\Win_Version\BeatCovid\src\Entities\Player.cpp(180,21): warning C4305: =: усечение из "double" в "float"
  Sick.cpp
C:\Win_Version\BeatCovid\src\Entities\Sick.cpp(10,48): warning C4305: аргумент: усечение из "double" в "float"
C:\Win_Version\BeatCovid\src\Entities\Sick.cpp(11,51): warning C4305: аргумент: усечение из "double" в "float"
  SafeTransport.cpp
C:\Win_Version\BeatCovid\src\Entities\Transports\SafeTransport.cpp(23,22): warning C4305: -=: усечение из "double" в "float"
C:\Win_Version\BeatCovid\src\Entities\Transports\SafeTransport.cpp(41,15): warning C4305: =: усечение из "double" в "float"
C:\Win_Version\BeatCovid\src\Entities\Transports\SafeTransport.cpp(42,10): warning C4244: =: преобразование "int" в "float", возможна потеря данных
C:\Win_Version\BeatCovid\src\Entities\Transports\SafeTransport.cpp(45,52): warning C4305: аргумент: усечение из "double" в "float"
C:\Win_Version\BeatCovid\src\Entities\Transports\SafeTransport.cpp(50,19): warning C4305: =: усечение из "double" в "float"
C:\Win_Version\BeatCovid\src\Entities\Transports\SafeTransport.cpp(51,10): warning C4244: =: преобразование "int" в "float", возможна потеря данных
C:\Win_Version\BeatCovid\src\Entities\Transports\SafeTransport.cpp(54,53): warning C4305: аргумент: усечение из "double" в "float"
C:\Win_Version\BeatCovid\src\Entities\Transports\SafeTransport.cpp(59,10): warning C4244: return: преобразование "const float" в "int", возможна потеря данных
  Transport.cpp
  UnSafeTransport.cpp
C:\Win_Version\BeatCovid\src\Entities\Transports\UnSafeTransport.cpp(51,14): warning C4305: =: усечение из "double" в "float"
C:\Win_Version\BeatCovid\src\Entities\Transports\UnSafeTransport.cpp(55,52): warning C4305: аргумент: усечение из "double" в "float"
C:\Win_Version\BeatCovid\src\Entities\Transports\UnSafeTransport.cpp(60,16): warning C4305: =: усечение из "double" в "float"
C:\Win_Version\BeatCovid\src\Entities\Transports\UnSafeTransport.cpp(64,53): warning C4305: аргумент: усечение из "double" в "float"
  Компиляция...
  GameLabel.cpp
  GameLabelManager.cpp
C:\Win_Version\BeatCovid\src\Game\GameLabelManager.cpp(15,14): warning C4244: инициализация: преобразование "const T" в "int", возможна потеря данных
          with
          [
              T=float
          ]
C:\Win_Version\BeatCovid\src\Game\GameLabelManager.cpp(16,13): warning C4244: инициализация: преобразование "const T" в "int", возможна потеря данных
          with
          [
              T=float
          ]
  GameManager.cpp
C:\Win_Version\BeatCovid\src\Game\GameManager.cpp(127,77): warning C4244: аргумент: преобразование "int" в "T", возможна потеря данных
          with
          [
              T=float
          ]
C:\Win_Version\BeatCovid\src\Game\GameManager.cpp(127,70): warning C4244: аргумент: преобразование "int" в "T", возможна потеря данных
          with
          [
              T=float
          ]
C:\Win_Version\BeatCovid\src\Game\GameManager.cpp(127,54): warning C4244: аргумент: преобразование "double" в "T", возможна потеря данных
          with
          [
              T=float
          ]
C:\Win_Version\BeatCovid\src\Game\GameManager.cpp(127,37): warning C4244: аргумент: преобразование "double" в "T", возможна потеря данных
          with
          [
              T=float
          ]
C:\Win_Version\BeatCovid\src\Game\GameManager.cpp(319,16): warning C4244: =: преобразование "double" в "float", возможна потеря данных
C:\Win_Version\BeatCovid\src\Game\GameManager.cpp(322,16): warning C4244: =: преобразование "double" в "float", возможна потеря данных
C:\Program Files (x86)\Microsoft Visual Studio\2019\Community\VC\Tools\MSVC\14.26.28801\include\xmemory(204,33): warning C4244: аргумент: преобразование "_Ty" в "float", возможна потеря данных
          with
          [
              _Ty=int
          ]
C:\Program Files (x86)\Microsoft Visual Studio\2019\Community\VC\Tools\MSVC\14.26.28801\include\memory(1489): message : выполняется компиляция ссылки на экземпляр шаблон функции "void std::_Construct_in_place<_Ty,float,float,int,int,int,int>(_Ty &,float &&,float &&,int &&,int &&,int &&,int &&) noexcept(false)"
          with
          [
              _Ty=Sick
          ]
C:\Program Files (x86)\Microsoft Visual Studio\2019\Community\VC\Tools\MSVC\14.26.28801\include\memory(1587): message : выполняется компиляция ссылки на экземпляр шаблон функции "std::_Ref_count_obj2<_Ty>::_Ref_count_obj2<float,float,int,int,int,int>(float &&,float &&,int &&,int &&,int &&,int &&)"
          with
          [
              _Ty=Sick
          ]
C:\Program Files (x86)\Microsoft Visual Studio\2019\Community\VC\Tools\MSVC\14.26.28801\include\memory(1588): message : выполняется компиляция ссылки на экземпляр шаблон функции "std::_Ref_count_obj2<_Ty>::_Ref_count_obj2<float,float,int,int,int,int>(float &&,float &&,int &&,int &&,int &&,int &&)"
          with
          [
              _Ty=Sick
          ]
C:\Win_Version\BeatCovid\src\Game\GameManager.cpp(74): message : выполняется компиляция ссылки на экземпляр шаблон функции "std::shared_ptr<Sick> std::make_shared<Sick,T,T,int,int,int,int>(T &&,T &&,int &&,int &&,int &&,int &&)"
          with
          [
              T=float
          ]
C:\Program Files (x86)\Microsoft Visual Studio\2019\Community\VC\Tools\MSVC\14.26.28801\include\xmemory(671,103): warning C4244: аргумент: преобразование "_Ty" в "float", возможна потеря данных
          with
          [
              _Ty=int
          ]
C:\Program Files (x86)\Microsoft Visual Studio\2019\Community\VC\Tools\MSVC\14.26.28801\include\list(585): message : выполняется компиляция ссылки на экземпляр шаблон функции "void std::_Default_allocator_traits<_Alloc>::construct<_Ty,float,float,double,int,int,bool>(_Alloc &,_Objty *const ,float &&,float &&,double &&,int &&,int &&,bool &&)"
          with
          [
              _Alloc=std::allocator<std::_List_node<Bullet,std::_Default_allocator_traits<std::allocator<Bullet>>::void_pointer>>,
              _Ty=Bullet,
              _Objty=Bullet
          ]
C:\Program Files (x86)\Microsoft Visual Studio\2019\Community\VC\Tools\MSVC\14.26.28801\include\list(587): message : выполняется компиляция ссылки на экземпляр шаблон функции "void std::_Default_allocator_traits<_Alloc>::construct<_Ty,float,float,double,int,int,bool>(_Alloc &,_Objty *const ,float &&,float &&,double &&,int &&,int &&,bool &&)"
          with
          [
              _Alloc=std::allocator<std::_List_node<Bullet,std::_Default_allocator_traits<std::allocator<Bullet>>::void_pointer>>,
              _Ty=Bullet,
              _Objty=Bullet
          ]
C:\Program Files (x86)\Microsoft Visual Studio\2019\Community\VC\Tools\MSVC\14.26.28801\include\list(1013): message : выполняется компиляция ссылки на экземпляр шаблон функции "std::_List_node_emplace_op2<std::allocator<std::_List_node<_Ty,std::_Default_allocator_traits<_Alloc>::void_pointer>>>::_List_node_emplace_op2<float,float,double,int,int,bool>(_Alnode &,float &&,float &&,double &&,int &&,int &&,bool &&)"
          with
          [
              _Ty=Bullet,
              _Alloc=std::allocator<Bullet>,
              _Alnode=std::allocator<std::_List_node<Bullet,std::_Default_allocator_traits<std::allocator<Bullet>>::void_pointer>>
          ]
C:\Program Files (x86)\Microsoft Visual Studio\2019\Community\VC\Tools\MSVC\14.26.28801\include\list(1019): message : выполняется компиляция ссылки на экземпляр шаблон функции "std::_List_node_emplace_op2<std::allocator<std::_List_node<_Ty,std::_Default_allocator_traits<_Alloc>::void_pointer>>>::_List_node_emplace_op2<float,float,double,int,int,bool>(_Alnode &,float &&,float &&,double &&,int &&,int &&,bool &&)"
          with
          [
              _Ty=Bullet,
              _Alloc=std::allocator<Bullet>,
              _Alnode=std::allocator<std::_List_node<Bullet,std::_Default_allocator_traits<std::allocator<Bullet>>::void_pointer>>
          ]
C:\Program Files (x86)\Microsoft Visual Studio\2019\Community\VC\Tools\MSVC\14.26.28801\include\list(993): message : выполняется компиляция ссылки на экземпляр шаблон функции "std::_List_node<_Ty,std::_Default_allocator_traits<_Alloc>::void_pointer> *std::list<_Ty,_Alloc>::_Emplace<float,float,double,int,int,bool>(std::_List_node<_Ty,std::_Default_allocator_traits<_Alloc>::void_pointer> *const ,float &&,float &&,double &&,int &&,int &&,bool &&)"
          with
          [
              _Ty=Bullet,
              _Alloc=std::allocator<Bullet>
          ]
C:\Program Files (x86)\Microsoft Visual Studio\2019\Community\VC\Tools\MSVC\14.26.28801\include\list(994): message : выполняется компиляция ссылки на экземпляр шаблон функции "std::_List_node<_Ty,std::_Default_allocator_traits<_Alloc>::void_pointer> *std::list<_Ty,_Alloc>::_Emplace<float,float,double,int,int,bool>(std::_List_node<_Ty,std::_Default_allocator_traits<_Alloc>::void_pointer> *const ,float &&,float &&,double &&,int &&,int &&,bool &&)"
          with
          [
              _Ty=Bullet,
              _Alloc=std::allocator<Bullet>
          ]
C:\Win_Version\BeatCovid\src\Game\GameManager.cpp(165): message : выполняется компиляция ссылки на экземпляр шаблон функции "void std::list<Bullet,std::allocator<Bullet>>::emplace_back<T,T,double,int,int,bool>(T &&,T &&,double &&,int &&,int &&,bool &&)"
          with
          [
              T=float
          ]
C:\Program Files (x86)\Microsoft Visual Studio\2019\Community\VC\Tools\MSVC\14.26.28801\include\xmemory(671,103): warning C4244: аргумент: преобразование "_Ty" в "float", возможна потеря данных
          with
          [
              _Ty=double
          ]
  GameTreatPatientProgressBar.cpp
  Interface.cpp
C:\Win_Version\BeatCovid\src\Interface\Interface.cpp(22,16): warning C4244: =: преобразование "double" в "float", возможна потеря данных
C:\Win_Version\BeatCovid\src\Interface\Interface.cpp(24,17): warning C4244: =: преобразование "double" в "float", возможна потеря данных
C:\Win_Version\BeatCovid\src\Interface\Interface.cpp(32,15): warning C4244: =: преобразование "double" в "float", возможна потеря данных
C:\Win_Version\BeatCovid\src\Interface\Interface.cpp(34,18): warning C4244: =: преобразование "double" в "float", возможна потеря данных
C:\Win_Version\BeatCovid\src\Interface\Interface.cpp(82,14): warning C4244: инициализация: преобразование "int" в "float", возможна потеря данных
C:\Win_Version\BeatCovid\src\Interface\Interface.cpp(83,12): warning C4244: инициализация: преобразование "double" в "float", возможна потеря данных
C:\Win_Version\BeatCovid\src\Interface\Interface.cpp(84,12): warning C4244: инициализация: преобразование "double" в "float", возможна потеря данных
C:\Win_Version\BeatCovid\src\Interface\Interface.cpp(99,71): warning C4244: аргумент: преобразование "int" в "float", возможна потеря данных
C:\Win_Version\BeatCovid\src\Interface\Interface.cpp(99,30): warning C4244: аргумент: преобразование "T" в "float", возможна потеря данных
          with
          [
              T=int
          ]
C:\Win_Version\BeatCovid\src\Interface\Interface.cpp(180,73): warning C4244: аргумент: преобразование "T" в "T", возможна потеря данных
          with
          [
              T=unsigned int
          ]
          and
          [
              T=float
          ]
C:\Win_Version\BeatCovid\src\Interface\Interface.cpp(180,53): warning C4244: аргумент: преобразование "T" в "T", возможна потеря данных
          with
          [
              T=unsigned int
          ]
          and
          [
              T=float
          ]
C:\Win_Version\BeatCovid\src\Interface\Interface.cpp(181,36): warning C4244: аргумент: преобразование "int" в "float", возможна потеря данных
C:\Win_Version\BeatCovid\src\Interface\Interface.cpp(181,24): warning C4244: аргумент: преобразование "int" в "float", возможна потеря данных
C:\Win_Version\BeatCovid\src\Interface\Interface.cpp(213,73): warning C4244: аргумент: преобразование "T" в "T", возможна потеря данных
          with
          [
              T=unsigned int
          ]
          and
          [
              T=float
          ]
C:\Win_Version\BeatCovid\src\Interface\Interface.cpp(213,53): warning C4244: аргумент: преобразование "T" в "T", возможна потеря данных
          with
          [
              T=unsigned int
          ]
          and
          [
              T=float
          ]
C:\Win_Version\BeatCovid\src\Interface\Interface.cpp(214,36): warning C4244: аргумент: преобразование "int" в "float", возможна потеря данных
C:\Win_Version\BeatCovid\src\Interface\Interface.cpp(214,24): warning C4244: аргумент: преобразование "int" в "float", возможна потеря данных
C:\Win_Version\BeatCovid\src\Interface\Interface.cpp(295,50): warning C4244: аргумент: преобразование "int" в "T", возможна потеря данных
          with
          [
              T=float
          ]
C:\Win_Version\BeatCovid\src\Interface\Interface.cpp(295,43): warning C4244: аргумент: преобразование "int" в "T", возможна потеря данных
          with
          [
              T=float
          ]
C:\Win_Version\BeatCovid\src\Interface\Interface.cpp(296,54): warning C4244: аргумент: преобразование "int" в "T", возможна потеря данных
          with
          [
              T=float
          ]
C:\Win_Version\BeatCovid\src\Interface\Interface.cpp(296,43): warning C4244: аргумент: преобразование "int" в "T", возможна потеря данных
          with
          [
              T=float
          ]
C:\Win_Version\BeatCovid\src\Interface\Interface.cpp(303,14): warning C4244: инициализация: преобразование "T" в "int", возможна потеря данных
          with
          [
              T=float
          ]
C:\Win_Version\BeatCovid\src\Interface\Interface.cpp(304,15): warning C4244: инициализация: преобразование "T" в "int", возможна потеря данных
          with
          [
              T=float
          ]
C:\Win_Version\BeatCovid\src\Interface\Interface.cpp(305,13): warning C4244: инициализация: преобразование "T" в "int", возможна потеря данных
          with
          [
              T=float
          ]
C:\Win_Version\BeatCovid\src\Interface\Interface.cpp(306,16): warning C4244: инициализация: преобразование "T" в "int", возможна потеря данных
          with
          [
              T=float
          ]
C:\Win_Version\BeatCovid\src\Interface\Interface.cpp(422,18): warning C4244: инициализация: преобразование "sf::Int64" в "float", возможна потеря данных
C:\Win_Version\BeatCovid\src\Interface\Interface.cpp(612,86): warning C4244: аргумент: преобразование "int" в "float", возможна потеря данных
C:\Win_Version\BeatCovid\src\Interface\Interface.cpp(676,82): warning C4244: аргумент: преобразование "int" в "float", возможна потеря данных
C:\Win_Version\BeatCovid\src\Interface\Interface.cpp(702,94): warning C4244: аргумент: преобразование "int" в "float", возможна потеря данных
C:\Win_Version\BeatCovid\src\Interface\Interface.cpp(793,82): warning C4244: аргумент: преобразование "int" в "float", возможна потеря данных
C:\Win_Version\BeatCovid\src\Interface\Interface.cpp(795,97): warning C4244: аргумент: преобразование "int" в "float", возможна потеря данных
C:\Win_Version\BeatCovid\src\Interface\Interface.cpp(825,82): warning C4244: аргумент: преобразование "int" в "float", возможна потеря данных
C:\Win_Version\BeatCovid\src\Interface\Interface.cpp(829,53): warning C4244: аргумент: преобразование "double" в "float", возможна потеря данных
C:\Win_Version\BeatCovid\src\Interface\Interface.cpp(829,40): warning C4244: аргумент: преобразование "double" в "float", возможна потеря данных
C:\Win_Version\BeatCovid\src\Interface\Interface.cpp(828,76): warning C4244: аргумент: преобразование "double" в "float", возможна потеря данных
C:\Win_Version\BeatCovid\src\Interface\Interface.cpp(828,44): warning C4244: аргумент: преобразование "double" в "float", возможна потеря данных
C:\Win_Version\BeatCovid\src\Interface\Interface.cpp(833,54): warning C4244: аргумент: преобразование "double" в "float", возможна потеря данных
C:\Win_Version\BeatCovid\src\Interface\Interface.cpp(833,41): warning C4244: аргумент: преобразование "double" в "float", возможна потеря данных
C:\Win_Version\BeatCovid\src\Interface\Interface.cpp(832,56): warning C4244: аргумент: преобразование "int" в "float", возможна потеря данных
C:\Win_Version\BeatCovid\src\Interface\Interface.cpp(832,41): warning C4244: аргумент: преобразование "double" в "float", возможна потеря данных
C:\Win_Version\BeatCovid\src\Interface\Interface.cpp(837,52): warning C4244: аргумент: преобразование "int" в "float", возможна потеря данных
C:\Win_Version\BeatCovid\src\Interface\Interface.cpp(837,39): warning C4244: аргумент: преобразование "double" в "float", возможна потеря данных
C:\Win_Version\BeatCovid\src\Interface\Interface.cpp(836,53): warning C4244: аргумент: преобразование "int" в "float", возможна потеря данных
C:\Win_Version\BeatCovid\src\Interface\Interface.cpp(836,39): warning C4244: аргумент: преобразование "double" в "float", возможна потеря данных
C:\Win_Version\BeatCovid\src\Interface\Interface.cpp(841,53): warning C4244: аргумент: преобразование "double" в "float", возможна потеря данных
C:\Win_Version\BeatCovid\src\Interface\Interface.cpp(841,40): warning C4244: аргумент: преобразование "double" в "float", возможна потеря данных
C:\Win_Version\BeatCovid\src\Interface\Interface.cpp(840,55): warning C4244: аргумент: преобразование "double" в "float", возможна потеря данных
C:\Win_Version\BeatCovid\src\Interface\Interface.cpp(840,40): warning C4244: аргумент: преобразование "double" в "float", возможна потеря данных
C:\Win_Version\BeatCovid\src\Interface\Interface.cpp(845,51): warning C4244: аргумент: преобразование "int" в "float", возможна потеря данных
C:\Win_Version\BeatCovid\src\Interface\Interface.cpp(845,39): warning C4244: аргумент: преобразование "int" в "float", возможна потеря данных
C:\Win_Version\BeatCovid\src\Interface\Interface.cpp(844,55): warning C4244: аргумент: преобразование "int" в "float", возможна потеря данных
C:\Win_Version\BeatCovid\src\Interface\Interface.cpp(844,39): warning C4244: аргумент: преобразование "double" в "float", возможна потеря данных
C:\Win_Version\BeatCovid\src\Interface\Interface.cpp(849,49): warning C4244: аргумент: преобразование "int" в "float", возможна потеря данных
C:\Win_Version\BeatCovid\src\Interface\Interface.cpp(849,37): warning C4244: аргумент: преобразование "int" в "float", возможна потеря данных
C:\Win_Version\BeatCovid\src\Interface\Interface.cpp(848,50): warning C4244: аргумент: преобразование "int" в "float", возможна потеря данных
C:\Win_Version\BeatCovid\src\Interface\Interface.cpp(848,37): warning C4244: аргумент: преобразование "int" в "float", возможна потеря данных
C:\Win_Version\BeatCovid\src\Interface\Interface.cpp(853,50): warning C4244: аргумент: преобразование "int" в "float", возможна потеря данных
C:\Win_Version\BeatCovid\src\Interface\Interface.cpp(853,38): warning C4244: аргумент: преобразование "int" в "float", возможна потеря данных
C:\Win_Version\BeatCovid\src\Interface\Interface.cpp(852,53): warning C4244: аргумент: преобразование "double" в "float", возможна потеря данных
C:\Win_Version\BeatCovid\src\Interface\Interface.cpp(852,38): warning C4244: аргумент: преобразование "double" в "float", возможна потеря данных
C:\Win_Version\BeatCovid\src\Interface\Interface.cpp(855,76): warning C4244: аргумент: преобразование "double" в "float", возможна потеря данных
C:\Win_Version\BeatCovid\src\Interface\Interface.cpp(855,61): warning C4244: аргумент: преобразование "double" в "float", возможна потеря данных
C:\Win_Version\BeatCovid\src\Interface\Interface.cpp(856,73): warning C4244: аргумент: преобразование "double" в "float", возможна потеря данных
C:\Win_Version\BeatCovid\src\Interface\Interface.cpp(856,59): warning C4244: аргумент: преобразование "double" в "float", возможна потеря данных
C:\Win_Version\BeatCovid\src\Interface\Interface.cpp(857,75): warning C4244: аргумент: преобразование "double" в "float", возможна потеря данных
C:\Win_Version\BeatCovid\src\Interface\Interface.cpp(857,60): warning C4244: аргумент: преобразование "double" в "float", возможна потеря данных
C:\Win_Version\BeatCovid\src\Interface\Interface.cpp(858,77): warning C4244: аргумент: преобразование "int" в "float", возможна потеря данных
C:\Win_Version\BeatCovid\src\Interface\Interface.cpp(858,62): warning C4244: аргумент: преобразование "double" в "float", возможна потеря данных
C:\Win_Version\BeatCovid\src\Interface\Interface.cpp(859,74): warning C4244: аргумент: преобразование "int" в "float", возможна потеря данных
C:\Win_Version\BeatCovid\src\Interface\Interface.cpp(859,60): warning C4244: аргумент: преобразование "double" в "float", возможна потеря данных
C:\Win_Version\BeatCovid\src\Interface\Interface.cpp(860,76): warning C4244: аргумент: преобразование "double" в "float", возможна потеря данных
C:\Win_Version\BeatCovid\src\Interface\Interface.cpp(860,61): warning C4244: аргумент: преобразование "double" в "float", возможна потеря данных
C:\Win_Version\BeatCovid\src\Interface\Interface.cpp(895,43): warning C4244: аргумент: преобразование "T" в "T", возможна потеря данных
          with
          [
              T=double
          ]
          and
          [
              T=int
          ]
C:\Win_Version\BeatCovid\src\Interface\Interface.cpp(894,43): warning C4244: аргумент: преобразование "T" в "T", возможна потеря данных
          with
          [
              T=double
          ]
          and
          [
              T=int
          ]
C:\Win_Version\BeatCovid\src\Interface\Interface.cpp(893,49): warning C4244: аргумент: преобразование "T" в "T", возможна потеря данных
          with
          [
              T=float
          ]
          and
          [
              T=int
          ]
C:\Win_Version\BeatCovid\src\Interface\Interface.cpp(892,49): warning C4244: аргумент: преобразование "T" в "T", возможна потеря данных
          with
          [
              T=float
          ]
          and
          [
              T=int
          ]
C:\Win_Version\BeatCovid\src\Interface\Interface.cpp(904,45): warning C4244: аргумент: преобразование "T" в "T", возможна потеря данных
          with
          [
              T=double
          ]
          and
          [
              T=int
          ]
C:\Win_Version\BeatCovid\src\Interface\Interface.cpp(903,45): warning C4244: аргумент: преобразование "T" в "T", возможна потеря данных
          with
          [
              T=double
          ]
          and
          [
              T=int
          ]
C:\Win_Version\BeatCovid\src\Interface\Interface.cpp(902,51): warning C4244: аргумент: преобразование "T" в "T", возможна потеря данных
          with
          [
              T=float
          ]
          and
          [
              T=int
          ]
C:\Win_Version\BeatCovid\src\Interface\Interface.cpp(901,51): warning C4244: аргумент: преобразование "T" в "T", возможна потеря данных
          with
          [
              T=float
          ]
          and
          [
              T=int
          ]
C:\Win_Version\BeatCovid\src\Interface\Interface.cpp(912,44): warning C4244: аргумент: преобразование "T" в "T", возможна потеря данных
          with
          [
              T=double
          ]
          and
          [
              T=int
          ]
C:\Win_Version\BeatCovid\src\Interface\Interface.cpp(911,44): warning C4244: аргумент: преобразование "T" в "T", возможна потеря данных
          with
          [
              T=double
          ]
          and
          [
              T=int
          ]
C:\Win_Version\BeatCovid\src\Interface\Interface.cpp(910,50): warning C4244: аргумент: преобразование "T" в "T", возможна потеря данных
          with
          [
              T=float
          ]
          and
          [
              T=int
          ]
C:\Win_Version\BeatCovid\src\Interface\Interface.cpp(909,50): warning C4244: аргумент: преобразование "T" в "T", возможна потеря данных
          with
          [
              T=float
          ]
          and
          [
              T=int
          ]
C:\Win_Version\BeatCovid\src\Interface\Interface.cpp(992,86): warning C4244: аргумент: преобразование "int" в "float", возможна потеря данных
C:\Win_Version\BeatCovid\src\Interface\Interface.cpp(998,52): warning C4244: аргумент: преобразование "double" в "float", возможна потеря данных
C:\Win_Version\BeatCovid\src\Interface\Interface.cpp(998,39): warning C4244: аргумент: преобразование "double" в "float", возможна потеря данных
C:\Win_Version\BeatCovid\src\Interface\Interface.cpp(997,75): warning C4244: аргумент: преобразование "double" в "float", возможна потеря данных
C:\Win_Version\BeatCovid\src\Interface\Interface.cpp(997,43): warning C4244: аргумент: преобразование "double" в "float", возможна потеря данных
C:\Win_Version\BeatCovid\src\Interface\Interface.cpp(1002,51): warning C4244: аргумент: преобразование "int" в "float", возможна потеря данных
C:\Win_Version\BeatCovid\src\Interface\Interface.cpp(1002,38): warning C4244: аргумент: преобразование "double" в "float", возможна потеря данных
C:\Win_Version\BeatCovid\src\Interface\Interface.cpp(1001,52): warning C4244: аргумент: преобразование "int" в "float", возможна потеря данных
C:\Win_Version\BeatCovid\src\Interface\Interface.cpp(1001,38): warning C4244: аргумент: преобразование "double" в "float", возможна потеря данных
C:\Win_Version\BeatCovid\src\Interface\Interface.cpp(1006,53): warning C4244: аргумент: преобразование "double" в "float", возможна потеря данных
C:\Win_Version\BeatCovid\src\Interface\Interface.cpp(1006,40): warning C4244: аргумент: преобразование "double" в "float", возможна потеря данных
C:\Win_Version\BeatCovid\src\Interface\Interface.cpp(1005,55): warning C4244: аргумент: преобразование "int" в "float", возможна потеря данных
C:\Win_Version\BeatCovid\src\Interface\Interface.cpp(1005,40): warning C4244: аргумент: преобразование "double" в "float", возможна потеря данных
C:\Win_Version\BeatCovid\src\Interface\Interface.cpp(1010,52): warning C4244: аргумент: преобразование "double" в "float", возможна потеря данных
C:\Win_Version\BeatCovid\src\Interface\Interface.cpp(1010,39): warning C4244: аргумент: преобразование "double" в "float", возможна потеря данных
C:\Win_Version\BeatCovid\src\Interface\Interface.cpp(1009,54): warning C4244: аргумент: преобразование "double" в "float", возможна потеря данных
C:\Win_Version\BeatCovid\src\Interface\Interface.cpp(1009,39): warning C4244: аргумент: преобразование "double" в "float", возможна потеря данных
C:\Win_Version\BeatCovid\src\Interface\Interface.cpp(1027,77): warning C4244: аргумент: преобразование "double" в "float", возможна потеря данных
C:\Win_Version\BeatCovid\src\Interface\Interface.cpp(1027,62): warning C4244: аргумент: преобразование "double" в "float", возможна потеря данных
C:\Win_Version\BeatCovid\src\Interface\Interface.cpp(1031,74): warning C4244: аргумент: преобразование "double" в "float", возможна потеря данных
C:\Win_Version\BeatCovid\src\Interface\Interface.cpp(1031,60): warning C4244: аргумент: преобразование "double" в "float", возможна потеря данных
C:\Win_Version\BeatCovid\src\Interface\Interface.cpp(1035,76): warning C4244: аргумент: преобразование "double" в "float", возможна потеря данных
C:\Win_Version\BeatCovid\src\Interface\Interface.cpp(1035,61): warning C4244: аргумент: преобразование "double" в "float", возможна потеря данных
C:\Win_Version\BeatCovid\src\Interface\Interface.cpp(1086,82): warning C4244: аргумент: преобразование "int" в "float", возможна потеря данных
  InterfaceButton.cpp
C:\Win_Version\BeatCovid\src\Interface\InterfaceButton.cpp(12,32): warning C4244: аргумент: преобразование "float" в "T", возможна потеря данных
          with
          [
              T=int
          ]
C:\Win_Version\BeatCovid\src\Interface\InterfaceButton.cpp(12,25): warning C4244: аргумент: преобразование "float" в "T", возможна потеря данных
          with
          [
              T=int
          ]
C:\Win_Version\BeatCovid\src\Interface\InterfaceButton.cpp(12,22): warning C4244: аргумент: преобразование "float" в "T", возможна потеря данных
          with
          [
              T=int
          ]
C:\Win_Version\BeatCovid\src\Interface\InterfaceButton.cpp(12,19): warning C4244: аргумент: преобразование "float" в "T", возможна потеря данных
          with
          [
              T=int
          ]
  InterfaceImage.cpp
  InterfaceLabel.cpp
  InterfaceTable.cpp
C:\Win_Version\BeatCovid\src\Interface\InterfaceTable.cpp(74,86): warning C4244: +=: преобразование "double" в "float", возможна потеря данных
C:\Win_Version\BeatCovid\src\Interface\InterfaceTable.cpp(88,18): warning C4244: инициализация: преобразование "double" в "float", возможна потеря данных
C:\Win_Version\BeatCovid\src\Interface\InterfaceTable.cpp(93,89): warning C4244: +=: преобразование "double" в "float", возможна потеря данных
C:\Program Files (x86)\Microsoft Visual Studio\2019\Community\VC\Tools\MSVC\14.26.28801\include\xmemory(671,103): warning C4244: аргумент: преобразование "float" в "T", возможна потеря данных
          with
          [
              T=int
          ]
C:\Program Files (x86)\Microsoft Visual Studio\2019\Community\VC\Tools\MSVC\14.26.28801\include\vector(682): message : выполняется компиляция ссылки на экземпляр шаблон функции "void std::_Default_allocator_traits<_Alloc>::construct<_Ty,float&,float&>(_Alloc &,_Objty *const ,float &,float &)"
          with
          [
              _Alloc=std::allocator<sf::Vector2i>,
              _Ty=sf::Vector2<int>,
              _Objty=sf::Vector2<int>
          ]
C:\Program Files (x86)\Microsoft Visual Studio\2019\Community\VC\Tools\MSVC\14.26.28801\include\vector(687): message : выполняется компиляция ссылки на экземпляр шаблон функции "void std::_Default_allocator_traits<_Alloc>::construct<_Ty,float&,float&>(_Alloc &,_Objty *const ,float &,float &)"
          with
          [
              _Alloc=std::allocator<sf::Vector2i>,
              _Ty=sf::Vector2<int>,
              _Objty=sf::Vector2<int>
          ]
C:\Program Files (x86)\Microsoft Visual Studio\2019\Community\VC\Tools\MSVC\14.26.28801\include\vector(700): message : выполняется компиляция ссылки на экземпляр шаблон функции "void std::vector<sf::Vector2i,std::allocator<sf::Vector2i>>::_Emplace_back_with_unused_capacity<float&,float&>(float &,float &)"
C:\Win_Version\BeatCovid\src\Interface\InterfaceTable.cpp(68): message : выполняется компиляция ссылки на экземпляр шаблон функции "void std::vector<sf::Vector2i,std::allocator<sf::Vector2i>>::emplace_back<float&,float&>(float &,float &)"
C:\Program Files (x86)\Microsoft Visual Studio\2019\Community\VC\Tools\MSVC\14.26.28801\include\xmemory(671,103): warning C4244: аргумент: преобразование "_Ty" в "T", возможна потеря данных
          with
          [
              _Ty=int
          ]
          and
          [
              T=float
          ]
C:\Program Files (x86)\Microsoft Visual Studio\2019\Community\VC\Tools\MSVC\14.26.28801\include\vector(682): message : выполняется компиляция ссылки на экземпляр шаблон функции "void std::_Default_allocator_traits<_Alloc>::construct<_Ty,int,float&>(_Alloc &,_Objty *const ,int &&,float &)"
          with
          [
              _Alloc=std::allocator<sf::Vector2f>,
              _Ty=sf::Vector2<float>,
              _Objty=sf::Vector2<float>
          ]
C:\Program Files (x86)\Microsoft Visual Studio\2019\Community\VC\Tools\MSVC\14.26.28801\include\vector(687): message : выполняется компиляция ссылки на экземпляр шаблон функции "void std::_Default_allocator_traits<_Alloc>::construct<_Ty,int,float&>(_Alloc &,_Objty *const ,int &&,float &)"
          with
          [
              _Alloc=std::allocator<sf::Vector2f>,
              _Ty=sf::Vector2<float>,
              _Objty=sf::Vector2<float>
          ]
C:\Program Files (x86)\Microsoft Visual Studio\2019\Community\VC\Tools\MSVC\14.26.28801\include\vector(700): message : выполняется компиляция ссылки на экземпляр шаблон функции "void std::vector<sf::Vector2f,std::allocator<sf::Vector2f>>::_Emplace_back_with_unused_capacity<_Ty,float&>(_Ty &&,float &)"
          with
          [
              _Ty=int
          ]
C:\Win_Version\BeatCovid\src\Interface\InterfaceTable.cpp(105): message : выполняется компиляция ссылки на экземпляр шаблон функции "void std::vector<sf::Vector2f,std::allocator<sf::Vector2f>>::emplace_back<int,float&>(int &&,float &)"
  Level_map.cpp
C:\Win_Version\BeatCovid\src\Level_map.cpp(10,16): warning C4244: return: преобразование "double" в "float", возможна потеря данных
C:\Win_Version\BeatCovid\src\Level_map.cpp(82,21): warning C4244: инициализация: преобразование "double" в "float", возможна потеря данных
C:\Win_Version\BeatCovid\src\Level_map.cpp(83,27): warning C4244: =: преобразование "float" в "int", возможна потеря данных
C:\Win_Version\BeatCovid\src\Level_map.cpp(116,45): warning C4244: аргумент: преобразование "int" в "float", возможна потеря данных
C:\Win_Version\BeatCovid\src\Level_map.cpp(116,30): warning C4244: аргумент: преобразование "int" в "float", возможна потеря данных
C:\Win_Version\BeatCovid\src\Level_map.cpp(168,31): warning C4244: аргумент: преобразование "int" в "float", возможна потеря данных
C:\Win_Version\BeatCovid\src\Level_map.cpp(168,28): warning C4244: аргумент: преобразование "int" в "float", возможна потеря данных
C:\Win_Version\BeatCovid\src\Level_map.cpp(186,26): warning C4244: =: преобразование "int" в "T", возможна потеря данных
          with
          [
              T=float
          ]
C:\Win_Version\BeatCovid\src\Level_map.cpp(187,27): warning C4244: =: преобразование "int" в "T", возможна потеря данных
          with
          [
              T=float
          ]
C:\Win_Version\BeatCovid\src\Level_map.cpp(188,29): warning C4244: =: преобразование "int" в "T", возможна потеря данных
          with
          [
              T=float
          ]
C:\Win_Version\BeatCovid\src\Level_map.cpp(189,28): warning C4244: =: преобразование "int" в "T", возможна потеря данных
          with
          [
              T=float
          ]
C:\Win_Version\BeatCovid\src\Level_map.cpp(254,97): warning C4244: аргумент: преобразование "unsigned int" в "T", возможна потеря данных
          with
          [
              T=float
          ]
C:\Win_Version\BeatCovid\src\Level_map.cpp(254,83): warning C4244: аргумент: преобразование "unsigned int" в "T", возможна потеря данных
          with
          [
              T=float
          ]
  main.cpp
  MusicManager.cpp
  ResourcePath.cpp
  SaveGame.cpp
  tinystr.cpp
  tinyxml.cpp
  tinyxmlerror.cpp
  tinyxmlparser.cpp
x64\Release\main.obj : warning LNK4042: объект указан более одного раза; лишние не учитываются
  Создание кода
C:\Win_Version\BeatCovid\src\Level_map.cpp(232): warning C4715: Level::GetObject: значение возвращается не при всех путях выполнения
  2575 of 2603 functions (98.9%) were compiled, the rest were copied from previous compilation.
    190 functions were new in current compilation
    3 functions had inline decision re-evaluated but remain unchanged
  Создание кода завершено
  BeatCovid.vcxproj -> C:\Win_Version\x64\Release\BeatCovid.exe
